{"C:\\Users\\BQSTR\\Documents\\React\\portfolio\\src\\common\\ButtonMailto.tsx": {"path":"C:\\Users\\BQSTR\\Documents\\React\\portfolio\\src\\common\\ButtonMailto.tsx","statementMap":{"0":{"start":{"line":8,"column":21},"end":{"line":23,"column":1}},"1":{"start":{"line":9,"column":24},"end":{"line":12,"column":7}},"2":{"start":{"line":10,"column":8},"end":{"line":10,"column":31}},"3":{"start":{"line":11,"column":8},"end":{"line":11,"column":38}},"4":{"start":{"line":14,"column":2},"end":{"line":22,"column":4}},"5":{"start":{"line":25,"column":0},"end":{"line":25,"column":28}}},"fnMap":{"0":{"name":"(anonymous_0)","decl":{"start":{"line":8,"column":21},"end":{"line":8,"column":22}},"loc":{"start":{"line":8,"column":62},"end":{"line":23,"column":1}}},"1":{"name":"(anonymous_1)","decl":{"start":{"line":9,"column":24},"end":{"line":9,"column":25}},"loc":{"start":{"line":9,"column":52},"end":{"line":12,"column":7}}}},"branchMap":{},"s":{"0":2,"1":3,"2":1,"3":1,"4":3,"5":2},"f":{"0":3,"1":1},"b":{}}
,"C:\\Users\\BQSTR\\Documents\\React\\portfolio\\src\\common\\iconMap.tsx": {"path":"C:\\Users\\BQSTR\\Documents\\React\\portfolio\\src\\common\\iconMap.tsx","statementMap":{"0":{"start":{"line":2,"column":0},"end":{"line":2,"column":68}},"1":{"start":{"line":3,"column":0},"end":{"line":3,"column":51}},"2":{"start":{"line":4,"column":0},"end":{"line":4,"column":119}},"3":{"start":{"line":5,"column":0},"end":{"line":5,"column":53}},"4":{"start":{"line":7,"column":13},"end":{"line":7,"column":null}},"5":{"start":{"line":9,"column":13},"end":{"line":22,"column":2}}},"fnMap":{},"branchMap":{},"s":{"0":1,"1":1,"2":1,"3":1,"4":1,"5":1},"f":{},"b":{}}
,"C:\\Users\\BQSTR\\Documents\\React\\portfolio\\src\\components\\navbar\\Navbar.tsx": {"path":"C:\\Users\\BQSTR\\Documents\\React\\portfolio\\src\\components\\navbar\\Navbar.tsx","statementMap":{"0":{"start":{"line":2,"column":0},"end":{"line":2,"column":53}},"1":{"start":{"line":3,"column":0},"end":{"line":3,"column":41}},"2":{"start":{"line":5,"column":22},"end":{"line":29,"column":null}},"3":{"start":{"line":6,"column":2},"end":{"line":28,"column":null}},"4":{"start":{"line":5,"column":13},"end":{"line":5,"column":22}}},"fnMap":{"0":{"name":"(anonymous_1)","decl":{"start":{"line":5,"column":22},"end":{"line":5,"column":25}},"loc":{"start":{"line":6,"column":2},"end":{"line":28,"column":null}}}},"branchMap":{},"s":{"0":1,"1":1,"2":1,"3":1,"4":1},"f":{"0":1},"b":{}}
}
